> Task :gradle-plugin:settings-plugin:checkKotlinGradlePluginConfigurationErrors SKIPPED
> Task :gradle-plugin:shared:checkKotlinGradlePluginConfigurationErrors SKIPPED
> Task :gradle-plugin:shared:compileKotlin UP-TO-DATE
> Task :gradle-plugin:shared:compileJava NO-SOURCE
> Task :gradle-plugin:shared:processResources NO-SOURCE
> Task :gradle-plugin:shared:classes UP-TO-DATE
> Task :gradle-plugin:shared:jar UP-TO-DATE
> Task :gradle-plugin:settings-plugin:compileKotlin UP-TO-DATE
> Task :gradle-plugin:settings-plugin:compileJava NO-SOURCE
> Task :gradle-plugin:settings-plugin:pluginDescriptors UP-TO-DATE
> Task :gradle-plugin:settings-plugin:processResources UP-TO-DATE
> Task :gradle-plugin:settings-plugin:classes UP-TO-DATE
> Task :gradle-plugin:settings-plugin:jar UP-TO-DATE
> Task :gradle-plugin:react-native-gradle-plugin:checkKotlinGradlePluginConfigurationErrors SKIPPED
> Task :gradle-plugin:react-native-gradle-plugin:compileKotlin UP-TO-DATE
> Task :gradle-plugin:react-native-gradle-plugin:compileJava NO-SOURCE
> Task :gradle-plugin:react-native-gradle-plugin:pluginDescriptors UP-TO-DATE
> Task :gradle-plugin:react-native-gradle-plugin:processResources UP-TO-DATE
> Task :gradle-plugin:react-native-gradle-plugin:classes UP-TO-DATE
> Task :gradle-plugin:react-native-gradle-plugin:jar UP-TO-DATE

[Incubating] Problems report is available at: file:///Users/apple/Desktop/AkhilProfwork/Talk-Brush/TalkBrush/android/build/reports/problems/problems-report.html

FAILURE: Build failed with an exception.

* What went wrong:
Could not determine the dependencies of task ':app:compileDebugJavaWithJavac'.
> Could not resolve all dependencies for configuration ':app:debugCompileClasspath'.
   > Could not resolve project :bam.tech_react-native-image-resizer.
     Required by:
         project :app
      > No matching variant of project :bam.tech_react-native-image-resizer was found. The consumer was configured to find a library for use during compile-time, preferably optimized for Android, as well as attribute 'com.android.build.api.attributes.AgpVersionAttr' with value '8.11.0', attribute 'com.android.build.api.attributes.BuildTypeAttr' with value 'debug', attribute 'org.jetbrains.kotlin.platform.type' with value 'androidJvm' but:
          - No variants exist.
   > Could not resolve project :react-native-async-storage_async-storage.
     Required by:
         project :app
      > No matching variant of project :react-native-async-storage_async-storage was found. The consumer was configured to find a library for use during compile-time, preferably optimized for Android, as well as attribute 'com.android.build.api.attributes.AgpVersionAttr' with value '8.11.0', attribute 'com.android.build.api.attributes.BuildTypeAttr' with value 'debug', attribute 'org.jetbrains.kotlin.platform.type' with value 'androidJvm' but:
          - No variants exist.
   > Could not resolve project :react-native-community_blur.
     Required by:
         project :app
      > No matching variant of project :react-native-community_blur was found. The consumer was configured to find a library for use during compile-time, preferably optimized for Android, as well as attribute 'com.android.build.api.attributes.AgpVersionAttr' with value '8.11.0', attribute 'com.android.build.api.attributes.BuildTypeAttr' with value 'debug', attribute 'org.jetbrains.kotlin.platform.type' with value 'androidJvm' but:
          - No variants exist.
   > Could not resolve project :react-native-community_datetimepicker.
     Required by:
         project :app
      > No matching variant of project :react-native-community_datetimepicker was found. The consumer was configured to find a library for use during compile-time, preferably optimized for Android, as well as attribute 'com.android.build.api.attributes.AgpVersionAttr' with value '8.11.0', attribute 'com.android.build.api.attributes.BuildTypeAttr' with value 'debug', attribute 'org.jetbrains.kotlin.platform.type' with value 'androidJvm' but:
          - No variants exist.
   > Could not resolve project :react-native-vector-icons_ant-design.
     Required by:
         project :app
      > No matching variant of project :react-native-vector-icons_ant-design was found. The consumer was configured to find a library for use during compile-time, preferably optimized for Android, as well as attribute 'com.android.build.api.attributes.AgpVersionAttr' with value '8.11.0', attribute 'com.android.build.api.attributes.BuildTypeAttr' with value 'debug', attribute 'org.jetbrains.kotlin.platform.type' with value 'androidJvm' but:
          - No variants exist.
   > Could not resolve project :react-native-vector-icons_feather.
     Required by:
         project :app
      > No matching variant of project :react-native-vector-icons_feather was found. The consumer was configured to find a library for use during compile-time, preferably optimized for Android, as well as attribute 'com.android.build.api.attributes.AgpVersionAttr' with value '8.11.0', attribute 'com.android.build.api.attributes.BuildTypeAttr' with value 'debug', attribute 'org.jetbrains.kotlin.platform.type' with value 'androidJvm' but:
          - No variants exist.
   > Could not resolve project :react-native-vector-icons_fontawesome.
     Required by:
         project :app
      > No matching variant of project :react-native-vector-icons_fontawesome was found. The consumer was configured to find a library for use during compile-time, preferably optimized for Android, as well as attribute 'com.android.build.api.attributes.AgpVersionAttr' with value '8.11.0', attribute 'com.android.build.api.attributes.BuildTypeAttr' with value 'debug', attribute 'org.jetbrains.kotlin.platform.type' with value 'androidJvm' but:
          - No variants exist.
   > Could not resolve project :react-native-vector-icons_ionicons.
     Required by:
         project :app
      > No matching variant of project :react-native-vector-icons_ionicons was found. The consumer was configured to find a library for use during compile-time, preferably optimized for Android, as well as attribute 'com.android.build.api.attributes.AgpVersionAttr' with value '8.11.0', attribute 'com.android.build.api.attributes.BuildTypeAttr' with value 'debug', attribute 'org.jetbrains.kotlin.platform.type' with value 'androidJvm' but:
          - No variants exist.
   > Could not resolve project :react-native-vector-icons_material-icons.
     Required by:
         project :app
      > No matching variant of project :react-native-vector-icons_material-icons was found. The consumer was configured to find a library for use during compile-time, preferably optimized for Android, as well as attribute 'com.android.build.api.attributes.AgpVersionAttr' with value '8.11.0', attribute 'com.android.build.api.attributes.BuildTypeAttr' with value 'debug', attribute 'org.jetbrains.kotlin.platform.type' with value 'androidJvm' but:
          - No variants exist.
   > Could not resolve project :react-native-gesture-handler.
     Required by:
         project :app
      > No matching variant of project :react-native-gesture-handler was found. The consumer was configured to find a library for use during compile-time, preferably optimized for Android, as well as attribute 'com.android.build.api.attributes.AgpVersionAttr' with value '8.11.0', attribute 'com.android.build.api.attributes.BuildTypeAttr' with value 'debug', attribute 'org.jetbrains.kotlin.platform.type' with value 'androidJvm' but:
          - No variants exist.
   > Could not resolve project :react-native-image-picker.
     Required by:
         project :app
      > No matching variant of project :react-native-image-picker was found. The consumer was configured to find a library for use during compile-time, preferably optimized for Android, as well as attribute 'com.android.build.api.attributes.AgpVersionAttr' with value '8.11.0', attribute 'com.android.build.api.attributes.BuildTypeAttr' with value 'debug', attribute 'org.jetbrains.kotlin.platform.type' with value 'androidJvm' but:
          - No variants exist.
   > Could not resolve project :react-native-linear-gradient.
     Required by:
         project :app
      > No matching variant of project :react-native-linear-gradient was found. The consumer was configured to find a library for use during compile-time, preferably optimized for Android, as well as attribute 'com.android.build.api.attributes.AgpVersionAttr' with value '8.11.0', attribute 'com.android.build.api.attributes.BuildTypeAttr' with value 'debug', attribute 'org.jetbrains.kotlin.platform.type' with value 'androidJvm' but:
          - No variants exist.
   > Could not resolve project :react-native-reanimated.
     Required by:
         project :app
      > No matching variant of project :react-native-reanimated was found. The consumer was configured to find a library for use during compile-time, preferably optimized for Android, as well as attribute 'com.android.build.api.attributes.AgpVersionAttr' with value '8.11.0', attribute 'com.android.build.api.attributes.BuildTypeAttr' with value 'debug', attribute 'org.jetbrains.kotlin.platform.type' with value 'androidJvm' but:
          - No variants exist.
   > Could not resolve project :react-native-safe-area-context.
     Required by:
         project :app
      > No matching variant of project :react-native-safe-area-context was found. The consumer was configured to find a library for use during compile-time, preferably optimized for Android, as well as attribute 'com.android.build.api.attributes.AgpVersionAttr' with value '8.11.0', attribute 'com.android.build.api.attributes.BuildTypeAttr' with value 'debug', attribute 'org.jetbrains.kotlin.platform.type' with value 'androidJvm' but:
          - No variants exist.
   > Could not resolve project :react-native-screens.
     Required by:
         project :app
      > No matching variant of project :react-native-screens was found. The consumer was configured to find a library for use during compile-time, preferably optimized for Android, as well as attribute 'com.android.build.api.attributes.AgpVersionAttr' with value '8.11.0', attribute 'com.android.build.api.attributes.BuildTypeAttr' with value 'debug', attribute 'org.jetbrains.kotlin.platform.type' with value 'androidJvm' but:
          - No variants exist.
   > Could not resolve project :react-native-svg.
     Required by:
         project :app
      > No matching variant of project :react-native-svg was found. The consumer was configured to find a library for use during compile-time, preferably optimized for Android, as well as attribute 'com.android.build.api.attributes.AgpVersionAttr' with value '8.11.0', attribute 'com.android.build.api.attributes.BuildTypeAttr' with value 'debug', attribute 'org.jetbrains.kotlin.platform.type' with value 'androidJvm' but:
          - No variants exist.
   > Could not resolve project :react-native-worklets.
     Required by:
         project :app
      > No matching variant of project :react-native-worklets was found. The consumer was configured to find a library for use during compile-time, preferably optimized for Android, as well as attribute 'com.android.build.api.attributes.AgpVersionAttr' with value '8.11.0', attribute 'com.android.build.api.attributes.BuildTypeAttr' with value 'debug', attribute 'org.jetbrains.kotlin.platform.type' with value 'androidJvm' but:
          - No variants exist.

* Try:
> Creating consumable variants is explained in more detail at https://docs.gradle.org/8.14.3/userguide/declaring_dependencies.html#sec:resolvable-consumable-configs.
> Review the variant matching algorithm at https://docs.gradle.org/8.14.3/userguide/variant_attributes.html#sec:abm_algorithm.
> Run with --stacktrace option to get the stack trace.
> Run with --info or --debug option to get more log output.
> Run with --scan to get full insights.
> Get more help at https://help.gradle.org.

Deprecated Gradle features were used in this build, making it incompatible with Gradle 9.0.

You can use '--warning-mode all' to show the individual deprecation warnings and determine if they come from your own scripts or plugins.

For more on this, please refer to https://docs.gradle.org/8.14.3/userguide/command_line_interface.html#sec:command_line_warnings in the Gradle documentation.

BUILD FAILED in 1s
10 actionable tasks: 10 up-to-date
